#
# There is insufficient memory for the Java Runtime Environment to continue.
# Native memory allocation (malloc) failed to allocate 35296 bytes for Chunk::new
# Possible reasons:
#   The system is out of physical RAM or swap space
#   In 32 bit mode, the process size limit was hit
# Possible solutions:
#   Reduce memory load on the system
#   Increase physical memory or swap space
#   Check if swap backing store is full
#   Use 64 bit Java on a 64 bit OS
#   Decrease Java heap size (-Xmx/-Xms)
#   Decrease number of Java threads
#   Decrease Java thread stack sizes (-Xss)
#   Set larger code cache with -XX:ReservedCodeCacheSize=
# This output file may be truncated or incomplete.
#
#   (allocation.cpp:390), pid=7220, tid=0x0000000000003198
#
# JRE version: Java(TM) SE Runtime Environment (8.0_121-b13) (build 1.8.0_121-b13)
# Java VM: Java HotSpot(TM) 64-Bit Server VM (25.121-b13 mixed mode windows-amd64 compressed oops)
# Failed to write core dump. Minidumps are not enabled by default on client versions of Windows
#

---------------  T H R E A D  ---------------

Current thread (0x000000001e6a2000):  JavaThread "C2 CompilerThread1" daemon [_thread_in_native, id=12696, stack(0x000000001ee70000,0x000000001ef70000)]

Stack: [0x000000001ee70000,0x000000001ef70000]
[error occurred during error reporting (printing stack bounds), id 0xc0000005]

Native frames: (J=compiled Java code, j=interpreted, Vv=VM code, C=native code)


Current CompileTask:
C2: 699484 7151 %     4       com.interactivemesh.jfx.importer.obj.Normalizer::calcIndexedVertexNormals @ 244 (1193 bytes)


---------------  P R O C E S S  ---------------

Java Threads: ( => current thread )
  0x000000002a034000 JavaThread "AWT-Windows" daemon [_thread_in_native, id=22216, stack(0x0000000037670000,0x0000000037770000)]
  0x000000002a033000 JavaThread "AWT-Shutdown" [_thread_blocked, id=6164, stack(0x0000000037570000,0x0000000037670000)]
  0x000000002a030000 JavaThread "Java2D Disposer" daemon [_thread_blocked, id=18928, stack(0x0000000037470000,0x0000000037570000)]
  0x000000002a02e800 JavaThread "Thread-8" [_thread_in_Java, id=16804, stack(0x0000000037370000,0x0000000037470000)]
  0x000000001f7c7000 JavaThread "Prism Font Disposer" daemon [_thread_blocked, id=8728, stack(0x0000000025300000,0x0000000025400000)]
  0x000000001f4be800 JavaThread "Thread-3" daemon [_thread_in_native, id=964, stack(0x0000000024780000,0x0000000024880000)]
  0x000000001f4a2800 JavaThread "JavaFX-Launcher" [_thread_blocked, id=7432, stack(0x0000000024880000,0x0000000024980000)]
  0x000000001f422800 JavaThread "JavaFX Application Thread" [_thread_in_native, id=15348, stack(0x000000001feb0000,0x000000001ffb0000)]
  0x000000001f410000 JavaThread "Thread-1" daemon [_thread_blocked, id=22028, stack(0x000000001fdb0000,0x000000001feb0000)]
  0x000000001f3e2000 JavaThread "QuantumRenderer-0" daemon [_thread_blocked, id=21816, stack(0x000000001fb70000,0x000000001fc70000)]
  0x000000001e73c800 JavaThread "Service Thread" daemon [_thread_blocked, id=6104, stack(0x000000001f170000,0x000000001f270000)]
  0x000000001e6ad000 JavaThread "C1 CompilerThread3" daemon [_thread_blocked, id=17128, stack(0x000000001f070000,0x000000001f170000)]
  0x000000001e6a7000 JavaThread "C2 CompilerThread2" daemon [_thread_blocked, id=22168, stack(0x000000001ef70000,0x000000001f070000)]
=>0x000000001e6a2000 JavaThread "C2 CompilerThread1" daemon [_thread_in_native, id=12696, stack(0x000000001ee70000,0x000000001ef70000)]
  0x000000001e69b800 JavaThread "C2 CompilerThread0" daemon [_thread_blocked, id=22320, stack(0x000000001ed70000,0x000000001ee70000)]
  0x000000001e69a000 JavaThread "Attach Listener" daemon [_thread_blocked, id=18364, stack(0x000000001ec70000,0x000000001ed70000)]
  0x000000001c74e800 JavaThread "Signal Dispatcher" daemon [_thread_blocked, id=21940, stack(0x000000001eb70000,0x000000001ec70000)]
  0x0000000002d29000 JavaThread "Finalizer" daemon [_thread_blocked, id=21384, stack(0x000000001ea10000,0x000000001eb10000)]
  0x0000000002d27800 JavaThread "Reference Handler" daemon [_thread_blocked, id=21392, stack(0x000000001e510000,0x000000001e610000)]
  0x000000000276d800 JavaThread "main" [_thread_blocked, id=6972, stack(0x0000000002b30000,0x0000000002c30000)]

Other Threads:
  0x000000001c739800 VMThread [stack: 0x000000001e410000,0x000000001e510000] [id=20932]
  0x000000001e798000 WatcherThread [stack: 0x000000001f270000,0x000000001f370000] [id=16152]

VM state:not at safepoint (normal execution)

VM Mutex/Monitor currently owned by a thread: None

Heap:
 PSYoungGen      total 422400K, used 335362K [0x000000076b500000, 0x0000000788e00000, 0x00000007c0000000)
  eden space 373760K, 89% used [0x000000076b500000,0x000000077fc809a0,0x0000000782200000)
  from space 48640K, 0% used [0x0000000785400000,0x0000000785400000,0x0000000788380000)
  to   space 51200K, 0% used [0x0000000782200000,0x0000000782200000,0x0000000785400000)
 ParOldGen       total 109056K, used 88835K [0x00000006c1e00000, 0x00000006c8880000, 0x000000076b500000)
  object space 109056K, 81% used [0x00000006c1e00000,0x00000006c74c0ea8,0x00000006c8880000)
 Metaspace       used 28003K, capacity 30204K, committed 30336K, reserved 1075200K
  class space    used 3849K, capacity 4213K, committed 4224K, reserved 1048576K

Card table byte_map: [0x00000000120f0000,0x00000000128f0000] byte_map_base: 0x000000000eae1000

Marking Bits: (ParMarkBitMap*) 0x000000006014b6d0
 Begin Bits: [0x0000000013640000, 0x00000000175c8000)
 End Bits:   [0x00000000175c8000, 0x000000001b550000)

Polling page: 0x0000000002720000

CodeCache: size=245760Kb used=20708Kb max_used=20717Kb free=225051Kb
 bounds [0x0000000002d30000, 0x00000000041a0000, 0x0000000011d30000]
 total_blobs=6572 nmethods=5791 adapters=692
 compilation: enabled

Compilation events (10 events):
Event: 699.050 Thread 0x000000001e6a2000 nmethod 7146 0x0000000002f502d0 code [0x0000000002f50420, 0x0000000002f50838]
Event: 699.151 Thread 0x000000001e6ad000 7147 % !   3       com.interactivemesh.jfx.importer.obj.ObjModelImporterImpl::readFaces @ 38 (1545 bytes)
Event: 699.157 Thread 0x000000001e6ad000 nmethod 7147% 0x0000000004187610 code [0x0000000004187d80, 0x000000000418cdc8]
Event: 699.167 Thread 0x000000001e6ad000 7148   !   3       com.interactivemesh.jfx.importer.obj.ObjModelImporterImpl::readFaces (1545 bytes)
Event: 699.172 Thread 0x000000001e6ad000 nmethod 7148 0x0000000003e8a2d0 code [0x0000000003e8aa40, 0x0000000003e8f908]
Event: 699.172 Thread 0x000000001e6a7000 7149 % !   4       com.interactivemesh.jfx.importer.obj.ObjModelImporterImpl::readFaces @ 1138 (1545 bytes)
Event: 699.211 Thread 0x000000001e6a7000 nmethod 7149% 0x00000000035bee50 code [0x00000000035bf0c0, 0x00000000035c0be8]
Event: 699.211 Thread 0x000000001e69b800 7150   !   4       com.interactivemesh.jfx.importer.obj.ObjModelImporterImpl::readFaces (1545 bytes)
Event: 699.242 Thread 0x000000001e69b800 nmethod 7150 0x0000000003846890 code [0x0000000003846b00, 0x00000000038482c8]
Event: 699.325 Thread 0x000000001e6a2000 7151 %     4       com.interactivemesh.jfx.importer.obj.Normalizer::calcIndexedVertexNormals @ 244 (1193 bytes)

GC Heap History (10 events):
Event: 695.694 GC heap before
{Heap before GC invocations=13 (full 1):
 PSYoungGen      total 282624K, used 252816K [0x000000076b500000, 0x0000000782e00000, 0x00000007c0000000)
  eden space 229888K, 100% used [0x000000076b500000,0x0000000779580000,0x0000000779580000)
  from space 52736K, 43% used [0x0000000779580000,0x000000077abe4108,0x000000077c900000)
  to   space 50688K, 0% used [0x000000077fc80000,0x000000077fc80000,0x0000000782e00000)
 ParOldGen       total 109056K, used 77120K [0x00000006c1e00000, 0x00000006c8880000, 0x000000076b500000)
  object space 109056K, 70% used [0x00000006c1e00000,0x00000006c6950370,0x00000006c8880000)
 Metaspace       used 26906K, capacity 29096K, committed 29184K, reserved 1075200K
  class space    used 3738K, capacity 4079K, committed 4096K, reserved 1048576K
Event: 695.712 GC heap after
Heap after GC invocations=13 (full 1):
 PSYoungGen      total 332288K, used 25752K [0x000000076b500000, 0x0000000782a00000, 0x00000007c0000000)
  eden space 285696K, 0% used [0x000000076b500000,0x000000076b500000,0x000000077cc00000)
  from space 46592K, 55% used [0x000000077fc80000,0x00000007815a62e8,0x0000000782a00000)
  to   space 48128K, 0% used [0x000000077cc00000,0x000000077cc00000,0x000000077fb00000)
 ParOldGen       total 109056K, used 77120K [0x00000006c1e00000, 0x00000006c8880000, 0x000000076b500000)
  object space 109056K, 70% used [0x00000006c1e00000,0x00000006c6950370,0x00000006c8880000)
 Metaspace       used 26906K, capacity 29096K, committed 29184K, reserved 1075200K
  class space    used 3738K, capacity 4079K, committed 4096K, reserved 1048576K
}
Event: 696.334 GC heap before
{Heap before GC invocations=14 (full 1):
 PSYoungGen      total 332288K, used 311448K [0x000000076b500000, 0x0000000782a00000, 0x00000007c0000000)
  eden space 285696K, 100% used [0x000000076b500000,0x000000077cc00000,0x000000077cc00000)
  from space 46592K, 55% used [0x000000077fc80000,0x00000007815a62e8,0x0000000782a00000)
  to   space 48128K, 0% used [0x000000077cc00000,0x000000077cc00000,0x000000077fb00000)
 ParOldGen       total 109056K, used 77120K [0x00000006c1e00000, 0x00000006c8880000, 0x000000076b500000)
  object space 109056K, 70% used [0x00000006c1e00000,0x00000006c6950370,0x00000006c8880000)
 Metaspace       used 26915K, capacity 29096K, committed 29184K, reserved 1075200K
  class space    used 3738K, capacity 4079K, committed 4096K, reserved 1048576K
Event: 696.369 GC heap after
Heap after GC invocations=14 (full 1):
 PSYoungGen      total 333824K, used 33043K [0x000000076b500000, 0x0000000788380000, 0x00000007c0000000)
  eden space 285696K, 0% used [0x000000076b500000,0x000000076b500000,0x000000077cc00000)
  from space 48128K, 68% used [0x000000077cc00000,0x000000077ec44da0,0x000000077fb00000)
  to   space 48640K, 0% used [0x0000000785400000,0x0000000785400000,0x0000000788380000)
 ParOldGen       total 109056K, used 77128K [0x00000006c1e00000, 0x00000006c8880000, 0x000000076b500000)
  object space 109056K, 70% used [0x00000006c1e00000,0x00000006c6952370,0x00000006c8880000)
 Metaspace       used 26915K, capacity 29096K, committed 29184K, reserved 1075200K
  class space    used 3738K, capacity 4079K, committed 4096K, reserved 1048576K
}
Event: 696.836 GC heap before
{Heap before GC invocations=15 (full 1):
 PSYoungGen      total 333824K, used 318739K [0x000000076b500000, 0x0000000788380000, 0x00000007c0000000)
  eden space 285696K, 100% used [0x000000076b500000,0x000000077cc00000,0x000000077cc00000)
  from space 48128K, 68% used [0x000000077cc00000,0x000000077ec44da0,0x000000077fb00000)
  to   space 48640K, 0% used [0x0000000785400000,0x0000000785400000,0x0000000788380000)
 ParOldGen       total 109056K, used 77128K [0x00000006c1e00000, 0x00000006c8880000, 0x000000076b500000)
  object space 109056K, 70% used [0x00000006c1e00000,0x00000006c6952370,0x00000006c8880000)
 Metaspace       used 27007K, capacity 29192K, committed 29568K, reserved 1075200K
  class space    used 3745K, capacity 4111K, committed 4224K, reserved 1048576K
Event: 696.855 GC heap after
Heap after GC invocations=15 (full 1):
 PSYoungGen      total 422400K, used 39108K [0x000000076b500000, 0x0000000788e00000, 0x00000007c0000000)
  eden space 373760K, 0% used [0x000000076b500000,0x000000076b500000,0x0000000782200000)
  from space 48640K, 80% used [0x0000000785400000,0x0000000787a31148,0x0000000788380000)
  to   space 51200K, 0% used [0x0000000782200000,0x0000000782200000,0x0000000785400000)
 ParOldGen       total 109056K, used 90915K [0x00000006c1e00000, 0x00000006c8880000, 0x000000076b500000)
  object space 109056K, 83% used [0x00000006c1e00000,0x00000006c76c8f18,0x00000006c8880000)
 Metaspace       used 27007K, capacity 29192K, committed 29568K, reserved 1075200K
  class space    used 3745K, capacity 4111K, committed 4224K, reserved 1048576K
}
Event: 696.869 GC heap before
{Heap before GC invocations=16 (full 2):
 PSYoungGen      total 422400K, used 39108K [0x000000076b500000, 0x0000000788e00000, 0x00000007c0000000)
  eden space 373760K, 0% used [0x000000076b500000,0x000000076b500000,0x0000000782200000)
  from space 48640K, 80% used [0x0000000785400000,0x0000000787a31148,0x0000000788380000)
  to   space 51200K, 0% used [0x0000000782200000,0x0000000782200000,0x0000000785400000)
 ParOldGen       total 109056K, used 90915K [0x00000006c1e00000, 0x00000006c8880000, 0x000000076b500000)
  object space 109056K, 83% used [0x00000006c1e00000,0x00000006c76c8f18,0x00000006c8880000)
 Metaspace       used 27007K, capacity 29192K, committed 29568K, reserved 1075200K
  class space    used 3745K, capacity 4111K, committed 4224K, reserved 1048576K
Event: 697.322 GC heap after
Heap after GC invocations=16 (full 2):
 PSYoungGen      total 422400K, used 0K [0x000000076b500000, 0x0000000788e00000, 0x00000007c0000000)
  eden space 373760K, 0% used [0x000000076b500000,0x000000076b500000,0x0000000782200000)
  from space 48640K, 0% used [0x0000000785400000,0x0000000785400000,0x0000000788380000)
  to   space 51200K, 0% used [0x0000000782200000,0x0000000782200000,0x0000000785400000)
 ParOldGen       total 109056K, used 101210K [0x00000006c1e00000, 0x00000006c8880000, 0x000000076b500000)
  object space 109056K, 92% used [0x00000006c1e00000,0x00000006c80d6860,0x00000006c8880000)
 Metaspace       used 27007K, capacity 29192K, committed 29568K, reserved 1075200K
  class space    used 3745K, capacity 4111K, committed 4224K, reserved 1048576K
}
Event: 698.166 GC heap before
{Heap before GC invocations=17 (full 3):
 PSYoungGen      total 422400K, used 373760K [0x000000076b500000, 0x0000000788e00000, 0x00000007c0000000)
  eden space 373760K, 100% used [0x000000076b500000,0x0000000782200000,0x0000000782200000)
  from space 48640K, 0% used [0x0000000785400000,0x0000000785400000,0x0000000788380000)
  to   space 51200K, 0% used [0x0000000782200000,0x0000000782200000,0x0000000785400000)
 ParOldGen       total 109056K, used 101210K [0x00000006c1e00000, 0x00000006c8880000, 0x000000076b500000)
  object space 109056K, 92% used [0x00000006c1e00000,0x00000006c80d6860,0x00000006c8880000)
 Metaspace       used 28003K, capacity 30204K, committed 30336K, reserved 1075200K
  class space    used 3849K, capacity 4213K, committed 4224K, reserved 1048576K
Event: 698.638 GC heap after
Heap after GC invocations=17 (full 3):
 PSYoungGen      total 422400K, used 0K [0x000000076b500000, 0x0000000788e00000, 0x00000007c0000000)
  eden space 373760K, 0% used [0x000000076b500000,0x000000076b500000,0x0000000782200000)
  from space 48640K, 0% used [0x0000000785400000,0x0000000785400000,0x0000000788380000)
  to   space 51200K, 0% used [0x0000000782200000,0x0000000782200000,0x0000000785400000)
 ParOldGen       total 109056K, used 88835K [0x00000006c1e00000, 0x00000006c8880000, 0x000000076b500000)
  object space 109056K, 81% used [0x00000006c1e00000,0x00000006c74c0ea8,0x00000006c8880000)
 Metaspace       used 28003K, capacity 30204K, committed 30336K, reserved 1075200K
  class space    used 3849K, capacity 4213K, committed 4224K, reserved 1048576K
}

Deoptimization events (10 events):
Event: 695.921 Thread 0x000000002a02e800 Uncommon trap: reason=unstable_if action=reinterpret pc=0x0000000004014fd0 method=com.interactivemesh.jfx.importer.obj.ObjModelImporterImpl$ObjShape.convertCoords()V @ 55
Event: 696.534 Thread 0x000000002a02e800 Uncommon trap: reason=unstable_if action=reinterpret pc=0x000000000328bc7c method=sun.misc.FloatingDecimal$ASCIIToBinaryBuffer.floatValue()F @ 775
Event: 696.541 Thread 0x000000002a02e800 Uncommon trap: reason=unstable_if action=reinterpret pc=0x00000000032871d0 method=java.lang.Integer.numberOfTrailingZeros(I)I @ 16
Event: 696.792 Thread 0x000000002a02e800 Uncommon trap: reason=unstable_if action=reinterpret pc=0x00000000033a4be8 method=com.interactivemesh.jfx.importer.obj.Normalizer$Triplef.equals(Ljava/lang/Object;)Z @ 26
Event: 696.799 Thread 0x000000002a02e800 Uncommon trap: reason=unstable_if action=reinterpret pc=0x0000000004054c20 method=com.interactivemesh.jfx.importer.obj.Normalizer$Triplef.equals(Ljava/lang/Object;)Z @ 26
Event: 696.803 Thread 0x000000002a02e800 Uncommon trap: reason=unstable_if action=reinterpret pc=0x0000000003977e74 method=com.interactivemesh.jfx.importer.obj.Normalizer$Triplef.equals(Ljava/lang/Object;)Z @ 26
Event: 696.804 Thread 0x000000002a02e800 Uncommon trap: reason=unstable_if action=reinterpret pc=0x000000000416709c method=com.interactivemesh.jfx.importer.obj.Normalizer$Triplef.equals(Ljava/lang/Object;)Z @ 26
Event: 697.856 Thread 0x000000002a02e800 Uncommon trap: reason=unstable_if action=reinterpret pc=0x0000000003795bc0 method=com.interactivemesh.jfx.importer.obj.ObjModelImporterImpl.readCoordsChars(Ljava/lang/String;)Ljava/lang/String; @ 45
Event: 699.150 Thread 0x000000002a02e800 Uncommon trap: reason=unstable_if action=reinterpret pc=0x0000000004001958 method=com.interactivemesh.jfx.importer.obj.ObjModelImporterImpl.readFaces(Ljava/lang/String;)Ljava/lang/String; @ 1240
Event: 699.166 Thread 0x000000002a02e800 Uncommon trap: reason=unstable_if action=reinterpret pc=0x000000000331e36c method=com.interactivemesh.jfx.importer.obj.ObjModelImporterImpl.readFaces(Ljava/lang/String;)Ljava/lang/String; @ 1240

Internal exceptions (10 events):
Event: 200.678 Thread 0x000000001f422800 Implicit null exception at 0x00000000039af98b to 0x00000000039afc6d
Event: 200.678 Thread 0x000000001f422800 Implicit null exception at 0x00000000037ce32c to 0x00000000037ce609
Event: 200.712 Thread 0x000000001f3e2000 Implicit null exception at 0x0000000003d3f1fd to 0x0000000003d413e9
Event: 200.723 Thread 0x000000001f3e2000 Implicit null exception at 0x0000000003d35154 to 0x0000000003d35295
Event: 508.158 Thread 0x000000001f422800 Implicit null exception at 0x0000000003843618 to 0x00000000038458e5
Event: 510.299 Thread 0x000000001f422800 Implicit null exception at 0x0000000003d10f0c to 0x0000000003d10f51
Event: 510.647 Thread 0x000000001f422800 Implicit null exception at 0x00000000036df6b5 to 0x00000000036df813
Event: 693.539 Thread 0x000000001f3e2000 Implicit null exception at 0x000000000374c98c to 0x000000000374ca35
Event: 695.809 Thread 0x000000002a02e800 Implicit null exception at 0x00000000037232ad to 0x00000000037235e5
Event: 697.336 Thread 0x000000001f422800 Exception <a 'java/io/FileNotFoundException'> (0x000000076c25a9b8) thrown at [C:\re\workspace\8-2-build-windows-amd64-cygwin\jdk8u121\8372\hotspot\src\share\vm\prims\jni.cpp, line 709]

Events (10 events):
Event: 699.150 Thread 0x000000002a02e800 Uncommon trap: trap_request=0xffffff65 fr.pc=0x0000000004001958
Event: 699.150 Thread 0x000000002a02e800 DEOPT PACKING pc=0x0000000004001958 sp=0x000000003746ec40
Event: 699.150 Thread 0x000000002a02e800 DEOPT UNPACKING pc=0x0000000002d7582a sp=0x000000003746ebe0 mode 2
Event: 699.166 Thread 0x000000002a02e800 Uncommon trap: trap_request=0xffffff65 fr.pc=0x000000000331e36c
Event: 699.166 Thread 0x000000002a02e800 DEOPT PACKING pc=0x000000000331e36c sp=0x000000003746ec40
Event: 699.166 Thread 0x000000002a02e800 DEOPT UNPACKING pc=0x0000000002d7582a sp=0x000000003746ebe0 mode 2
Event: 699.211 Thread 0x000000002a02e800 DEOPT PACKING pc=0x00000000036ca55c sp=0x000000003746ea80
Event: 699.211 Thread 0x000000002a02e800 DEOPT UNPACKING pc=0x0000000002d7787f sp=0x000000003746e960 mode 0
Event: 699.326 Thread 0x000000002a02e800 DEOPT PACKING pc=0x0000000004172fd1 sp=0x000000003746e890
Event: 699.326 Thread 0x000000002a02e800 DEOPT UNPACKING pc=0x0000000002d7787f sp=0x000000003746e7e0 mode 0


Dynamic libraries:
0x00007ff731580000 - 0x00007ff7315b7000 	D:\Program Files\Java\jdk1.8.0_121\bin\javaw.exe
0x00007ffce4d20000 - 0x00007ffce4efb000 	C:\WINDOWS\SYSTEM32\ntdll.dll
0x00007ffce2c90000 - 0x00007ffce2d3e000 	C:\WINDOWS\System32\KERNEL32.DLL
0x00007ffce1240000 - 0x00007ffce1489000 	C:\WINDOWS\System32\KERNELBASE.dll
0x00007ffce3200000 - 0x00007ffce32a1000 	C:\WINDOWS\System32\ADVAPI32.dll
0x00007ffce2450000 - 0x00007ffce24ed000 	C:\WINDOWS\System32\msvcrt.dll
0x00007ffce2a20000 - 0x00007ffce2a79000 	C:\WINDOWS\System32\sechost.dll
0x00007ffce27a0000 - 0x00007ffce28c5000 	C:\WINDOWS\System32\RPCRT4.dll
0x00007ffce32b0000 - 0x00007ffce33fa000 	C:\WINDOWS\System32\USER32.dll
0x00007ffce1da0000 - 0x00007ffce1dbe000 	C:\WINDOWS\System32\win32u.dll
0x00007ffce2c20000 - 0x00007ffce2c47000 	C:\WINDOWS\System32\GDI32.dll
0x00007ffce1dc0000 - 0x00007ffce1f48000 	C:\WINDOWS\System32\gdi32full.dll
0x00007ffce15b0000 - 0x00007ffce164a000 	C:\WINDOWS\System32\msvcp_win.dll
0x00007ffce1f50000 - 0x00007ffce2046000 	C:\WINDOWS\System32\ucrtbase.dll
0x00007ffcd7200000 - 0x00007ffcd7467000 	C:\WINDOWS\WinSxS\amd64_microsoft.windows.common-controls_6595b64144ccf1df_6.0.15063.483_none_26002d27e7c744a2\COMCTL32.dll
0x00007ffce4950000 - 0x00007ffce4c49000 	C:\WINDOWS\System32\combase.dll
0x00007ffce1490000 - 0x00007ffce14fa000 	C:\WINDOWS\System32\bcryptPrimitives.dll
0x00007ffce2c50000 - 0x00007ffce2c7d000 	C:\WINDOWS\System32\IMM32.DLL
0x00000000601d0000 - 0x00000000602a2000 	D:\Program Files\Java\jdk1.8.0_121\jre\bin\msvcr100.dll
0x000000005f930000 - 0x00000000601cb000 	D:\Program Files\Java\jdk1.8.0_121\jre\bin\server\jvm.dll
0x00007ffce4c50000 - 0x00007ffce4c58000 	C:\WINDOWS\System32\PSAPI.DLL
0x00007ffcce8d0000 - 0x00007ffcce8d9000 	C:\WINDOWS\SYSTEM32\WSOCK32.dll
0x00007ffcda8c0000 - 0x00007ffcda8ca000 	C:\WINDOWS\SYSTEM32\VERSION.dll
0x00007ffcdf540000 - 0x00007ffcdf563000 	C:\WINDOWS\SYSTEM32\WINMM.dll
0x00007ffce2280000 - 0x00007ffce22ec000 	C:\WINDOWS\System32\WS2_32.dll
0x00007ffcdf510000 - 0x00007ffcdf53b000 	C:\WINDOWS\SYSTEM32\WINMMBASE.dll
0x00007ffce1d50000 - 0x00007ffce1d99000 	C:\WINDOWS\System32\cfgmgr32.dll
0x000000005f920000 - 0x000000005f92f000 	D:\Program Files\Java\jdk1.8.0_121\jre\bin\verify.dll
0x000000005f8f0000 - 0x000000005f919000 	D:\Program Files\Java\jdk1.8.0_121\jre\bin\java.dll
0x000000005f8d0000 - 0x000000005f8e6000 	D:\Program Files\Java\jdk1.8.0_121\jre\bin\zip.dll
0x00007ffce3400000 - 0x00007ffce4837000 	C:\WINDOWS\System32\SHELL32.dll
0x00007ffce23a0000 - 0x00007ffce244a000 	C:\WINDOWS\System32\shcore.dll
0x00007ffce1650000 - 0x00007ffce1d43000 	C:\WINDOWS\System32\windows.storage.dll
0x00007ffce24f0000 - 0x00007ffce2541000 	C:\WINDOWS\System32\shlwapi.dll
0x00007ffce1220000 - 0x00007ffce1231000 	C:\WINDOWS\System32\kernel.appcore.dll
0x00007ffce1190000 - 0x00007ffce11dc000 	C:\WINDOWS\System32\powrprof.dll
0x00007ffce1200000 - 0x00007ffce1215000 	C:\WINDOWS\System32\profapi.dll
0x00007ffcc3d70000 - 0x00007ffcc3e5f000 	D:\Program Files\Java\jdk1.8.0_121\jre\bin\msvcr120.dll
0x00007ffcc0790000 - 0x00007ffcc0836000 	D:\Program Files\Java\jdk1.8.0_121\jre\bin\msvcp120.dll
0x0000000060cc0000 - 0x0000000060ce2000 	D:\Program Files\Java\jdk1.8.0_121\jre\bin\prism_d3d.dll
0x00007ffccef50000 - 0x00007ffccf0d9000 	C:\WINDOWS\system32\d3d9.dll
0x00007ffcdde20000 - 0x00007ffcdde4a000 	C:\WINDOWS\SYSTEM32\dwmapi.dll
0x00007ffcdf9b0000 - 0x00007ffcdfa45000 	C:\WINDOWS\system32\uxtheme.dll
0x00007ffc8a990000 - 0x00007ffc90174000 	C:\WINDOWS\System32\DriverStore\FileRepository\igdlh64.inf_amd64_0745f11ce6fc197c\igdumdim64.dll
0x00007ffce4c60000 - 0x00007ffce4d20000 	C:\WINDOWS\System32\OLEAUT32.dll
0x00007ffce28d0000 - 0x00007ffce2a15000 	C:\WINDOWS\System32\ole32.dll
0x00007ffce2d40000 - 0x00007ffce317b000 	C:\WINDOWS\System32\SETUPAPI.dll
0x0000000060c70000 - 0x0000000060cb3000 	D:\Program Files\Java\jdk1.8.0_121\jre\bin\glass.dll
0x00007ffce4840000 - 0x00007ffce4948000 	C:\WINDOWS\System32\COMDLG32.dll
0x00007ffce2630000 - 0x00007ffce2796000 	C:\WINDOWS\System32\MSCTF.dll
0x00007ffcd02c0000 - 0x00007ffcd02f9000 	C:\Program Files\Listary\ListaryHook64.dll
0x00007ffcda510000 - 0x00007ffcda57b000 	C:\WINDOWS\SYSTEM32\OLEACC.dll
0x00007ffcd3c00000 - 0x00007ffcd4d5c000 	C:\WINDOWS\System32\DriverStore\FileRepository\igdlh64.inf_amd64_0745f11ce6fc197c\igc64.dll
0x0000000060c50000 - 0x0000000060c64000 	D:\Program Files\Java\jdk1.8.0_121\jre\bin\javafx_font.dll
0x00007ffcd3940000 - 0x00007ffcd3bff000 	C:\WINDOWS\SYSTEM32\dwrite.dll
0x00007ffce22f0000 - 0x00007ffce238e000 	C:\WINDOWS\System32\clbcatq.dll
0x00007ffcdbfd0000 - 0x00007ffcdc17c000 	C:\WINDOWS\SYSTEM32\WindowsCodecs.dll
0x00007ffcc3fd0000 - 0x00007ffcc4017000 	C:\WINDOWS\system32\dataexchange.dll
0x00007ffcde7a0000 - 0x00007ffcdea7f000 	C:\WINDOWS\system32\d3d11.dll
0x00007ffcdf120000 - 0x00007ffcdf242000 	C:\WINDOWS\system32\dcomp.dll
0x00007ffce0000000 - 0x00007ffce00a4000 	C:\WINDOWS\system32\dxgi.dll
0x00007ffcdfb40000 - 0x00007ffcdfcb0000 	C:\WINDOWS\system32\twinapi.appcore.dll
0x00007ffce1060000 - 0x00007ffce1085000 	C:\WINDOWS\system32\bcrypt.dll
0x00007ffccfbb0000 - 0x00007ffccfbe1000 	C:\Program Files\Common Files\Microsoft Shared\Ink\rtscom.dll
0x00007ffcd9660000 - 0x00007ffcd96e2000 	C:\WINDOWS\System32\TextInputFramework.dll
0x00007ffcdb530000 - 0x00007ffcdb802000 	C:\WINDOWS\System32\CoreUIComponents.dll
0x00007ffcdf030000 - 0x00007ffcdf113000 	C:\WINDOWS\System32\CoreMessaging.dll
0x00007ffce0490000 - 0x00007ffce04c1000 	C:\WINDOWS\SYSTEM32\ntmarta.dll
0x00007ffcdd6a0000 - 0x00007ffcdd7d9000 	C:\WINDOWS\SYSTEM32\wintypes.dll
0x00007ffcddc00000 - 0x00007ffcddc15000 	C:\WINDOWS\SYSTEM32\usermgrcli.dll
0x00007ffce0be0000 - 0x00007ffce0bf7000 	C:\WINDOWS\SYSTEM32\CRYPTSP.dll
0x00007ffce0660000 - 0x00007ffce0694000 	C:\WINDOWS\system32\rsaenh.dll
0x00007ffce10c0000 - 0x00007ffce10e9000 	C:\WINDOWS\SYSTEM32\USERENV.dll
0x00007ffce0c00000 - 0x00007ffce0c0b000 	C:\WINDOWS\SYSTEM32\CRYPTBASE.dll
0x000000005f8b0000 - 0x000000005f8ca000 	D:\Program Files\Java\jdk1.8.0_121\jre\bin\net.dll
0x00007ffce0a40000 - 0x00007ffce0a9c000 	C:\WINDOWS\system32\mswsock.dll
0x00007ffce07e0000 - 0x00007ffce0817000 	C:\WINDOWS\SYSTEM32\IPHLPAPI.DLL
0x00007ffce2c80000 - 0x00007ffce2c88000 	C:\WINDOWS\System32\NSI.dll
0x00007ffcda4e0000 - 0x00007ffcda4f6000 	C:\WINDOWS\SYSTEM32\dhcpcsvc6.DLL
0x00007ffcda4c0000 - 0x00007ffcda4da000 	C:\WINDOWS\SYSTEM32\dhcpcsvc.DLL
0x000000005f890000 - 0x000000005f8a1000 	D:\Program Files\Java\jdk1.8.0_121\jre\bin\nio.dll
0x000000006cd80000 - 0x000000006ce70000 	C:\Users\Jim\AppData\Local\Temp\sqlite-3.16.1-2a6bea8b-8320-4801-befb-2849ef9d7da2-sqlitejdbc.dll
0x0000000060c30000 - 0x0000000060c41000 	D:\Program Files\Java\jdk1.8.0_121\jre\bin\prism_common.dll
0x00007ffcddea0000 - 0x00007ffcde036000 	C:\WINDOWS\system32\propsys.dll
0x00007ffcd2a60000 - 0x00007ffcd2b53000 	C:\WINDOWS\system32\msctfuimanager.dll
0x00007ffcba9c0000 - 0x00007ffcbab6b000 	C:\WINDOWS\system32\DUI70.dll
0x00007ffcd9a10000 - 0x00007ffcd9aa3000 	C:\WINDOWS\system32\DUser.dll
0x00007ffcc1b90000 - 0x00007ffcc1d55000 	C:\WINDOWS\SYSTEM32\UIAutomationCore.dll
0x00007ffce0fc0000 - 0x00007ffce105a000 	C:\WINDOWS\SYSTEM32\sxs.dll
0x00007ffcdb0e0000 - 0x00007ffcdb126000 	C:\WINDOWS\System32\UIAnimation.dll
0x00007ffcc3e60000 - 0x00007ffcc3f01000 	C:\Program Files\Common Files\microsoft shared\ink\tiptsf.dll
0x00007ffcc72c0000 - 0x00007ffcc7304000 	C:\WINDOWS\SYSTEM32\edputil.dll
0x00007ffcc32a0000 - 0x00007ffcc3722000 	C:\WINDOWS\system32\explorerframe.dll
0x00007ffcc2ed0000 - 0x00007ffcc2f27000 	C:\Windows\System32\thumbcache.dll
0x00007ffcddda0000 - 0x00007ffcdde17000 	C:\WINDOWS\SYSTEM32\policymanager.dll
0x00007ffcddcf0000 - 0x00007ffcddd7f000 	C:\WINDOWS\SYSTEM32\msvcp110_win.dll
0x00007ffcd3770000 - 0x00007ffcd38f8000 	C:\Windows\System32\Windows.Globalization.dll
0x00007ffcda050000 - 0x00007ffcda0b9000 	C:\Windows\System32\Bcp47Langs.dll
0x00007ffcd9ea0000 - 0x00007ffcd9ed0000 	C:\WINDOWS\SYSTEM32\globinputhost.dll
0x00007ffcbb8b0000 - 0x00007ffcbb8bb000 	C:\WINDOWS\SYSTEM32\atlthunk.dll
0x00007ffcd06a0000 - 0x00007ffcd0741000 	C:\WINDOWS\System32\StructuredQuery.dll
0x00007ffcd05d0000 - 0x00007ffcd069a000 	C:\WINDOWS\system32\Windows.Storage.Search.dll
0x00007ffce3180000 - 0x00007ffce31f1000 	C:\WINDOWS\System32\coml2.dll
0x00007ffcd0dd0000 - 0x00007ffcd1301000 	C:\Windows\System32\OneCoreUAPCommonProxyStub.dll
0x00007ffcca7c0000 - 0x00007ffcca7db000 	C:\WINDOWS\SYSTEM32\MPR.dll
0x00007ffcd1ff0000 - 0x00007ffcd1ffb000 	C:\WINDOWS\System32\drprov.dll
0x00007ffce0f60000 - 0x00007ffce0fb5000 	C:\WINDOWS\System32\WINSTA.dll
0x00007ffcd1f10000 - 0x00007ffcd1f26000 	C:\WINDOWS\System32\ntlanman.dll
0x00007ffcd1d30000 - 0x00007ffcd1d50000 	C:\WINDOWS\System32\davclnt.dll
0x00007ffcd1e60000 - 0x00007ffcd1e6c000 	C:\WINDOWS\System32\DAVHLPR.dll
0x00007ffcbafc0000 - 0x00007ffcbafd0000 	C:\WINDOWS\SYSTEM32\LINKINFO.dll
0x00007ffcdc8d0000 - 0x00007ffcdc8e6000 	C:\WINDOWS\System32\wkscli.dll
0x00007ffcccc00000 - 0x00007ffcccc12000 	C:\WINDOWS\SYSTEM32\cscapi.dll
0x00007ffce08d0000 - 0x00007ffce08dd000 	C:\WINDOWS\System32\netutils.dll
0x00007ffcdf760000 - 0x00007ffcdf7de000 	C:\WINDOWS\SYSTEM32\apphelp.dll
0x00007ffcda960000 - 0x00007ffcdae66000 	C:\Windows\System32\Windows.StateRepository.dll
0x00007ffcdb170000 - 0x00007ffcdb214000 	C:\Windows\System32\StateRepository.Core.dll
0x00007ffcb5af0000 - 0x00007ffcb5b3a000 	C:\Windows\System32\dlnashext.dll
0x00007ffcc5d40000 - 0x00007ffcc5dc2000 	C:\Windows\System32\twinapi.dll
0x00007ffcc02e0000 - 0x00007ffcc034d000 	C:\Windows\System32\PlayToDevice.dll
0x00007ffcd1cb0000 - 0x00007ffcd1cce000 	C:\Windows\System32\DevDispItemProvider.dll
0x00007ffcc2110000 - 0x00007ffcc21e6000 	C:\WINDOWS\SYSTEM32\ntshrui.dll
0x00007ffce1090000 - 0x00007ffce10c0000 	C:\WINDOWS\SYSTEM32\SspiCli.dll
0x00007ffcd0d20000 - 0x00007ffcd0d46000 	C:\WINDOWS\SYSTEM32\srvcli.dll
0x00007ffcda140000 - 0x00007ffcda1a7000 	C:\WINDOWS\System32\MMDevApi.dll
0x00007ffcdfcd0000 - 0x00007ffcdfcf8000 	C:\WINDOWS\System32\DEVOBJ.dll
0x00007ffcda500000 - 0x00007ffcda50b000 	C:\WINDOWS\SYSTEM32\WINNSI.DLL
0x00007ffcdb130000 - 0x00007ffcdb166000 	C:\WINDOWS\System32\netprofm.dll

VM Arguments:
jvm_args: -Dfile.encoding=GBK 
java_command: less.LessMainApp
java_class_path (initial): E:\Coding\LessProject\java\lessgui\bin;C:\Users\Jim\.p2\pool\plugins\org.eclipse.fx.ide.css.jfx8_2.4.0.201605112122.jar;E:\Coding\LessProject\java\lessgui\libs\json-org.jar;E:\Coding\LessProject\java\lessgui\libs\sqlite-jdbc-3.16.1.jar;E:\Coding\LessProject\java\lessgui\libs\PoissonSampling.jar;E:\Coding\LessProject\java\lessgui\libs\jimObjModelImporterJFX.jar;E:\Coding\LessProject\java\lessgui\libs\commons-io-2.5.jar;E:\Coding\LessProject\java\lessgui\libs\SolarPositioning.jar;E:\Coding\LessProject\java\lessgui\libs\com.fasterxml.jackson.annotations.jar;E:\Coding\LessProject\java\lessgui\libs\com.fasterxml.jackson.databind.jar;E:\Coding\LessProject\java\lessgui\libs\jackson-core-2.8.7.jar;E:\Coding\LessProject\java\lessgui\libs\jna-4.4.0.jar;E:\Coding\LessProject\java\lessgui\libs\jna-platform-4.4.0.jar;E:\Coding\LessProject\java\lessgui\libs\pty4j-0.7.2.jar;E:\Coding\LessProject\java\lessgui\libs\selenium-server-standalone-3.4.0.jar;E:\Coding\LessProject\java\lessgui\libs\TerminalFX.jar
Launcher Type: SUN_STANDARD

Environment Variables:
JAVA_HOME=D:\Program Files\Java\jdk1.8.0_121
PATH=C:\ProgramData\Oracle\Java\javapath;C:\WINDOWS\system32;C:\WINDOWS;C:\WINDOWS\System32\Wbem;C:\WINDOWS\System32\WindowsPowerShell\v1.0\;C:\Program Files (x86)\NVIDIA Corporation\PhysX\Common;C:\Program Files (x86)\Windows Kits\8.1\Windows Performance Toolkit\;C:\Program Files\Microsoft SQL Server\110\Tools\Binn\;C:\Program Files (x86)\Microsoft SDKs\TypeScript\1.0\;C:\Anaconda2;C:\Anaconda2\Scripts;E:\Coding\Mitsuba\LessPy\dist\less;E:\Coding\Mitsuba\LESS\dist;C:\Program Files\TortoiseGit\bin;D:\Program Files\Git\cmd;D:\Program Files (x86)\MiKTeX 2.9\miktex\bin\;C:\software\lastoolc;C:\software\swigwin-3.0.11;D:\Program Files\nodejs\;D:\Program Files\CMake\bin;D:\Program Files (x86)\Inno Setup 5;D:\MinGW64\bin;E:\Coding\Mitsuba\pbrt\pbrt-v3\pbrtdist\bin;D:\Strawberry\c\bin;D:\Strawberry\perl\site\bin;D:\Strawberry\perl\bin;D:\Program Files\CloudCompare;%SystemRoot%\system32;%SystemRoot%;%SystemRoot%\System32\Wbem;%SYSTEMROOT%\System32\WindowsPowerShell\v1.0\;D:\Anaconda3;D:\Anaconda3\Scripts;D:\Anaconda3\Library\bin;C:\Users\Jim\AppData\Local\Microsoft\WindowsApps;C:\Users\Jim\AppData\Roaming\npm;
USERNAME=Jim
OS=Windows_NT
PROCESSOR_IDENTIFIER=Intel64 Family 6 Model 94 Stepping 3, GenuineIntel



---------------  S Y S T E M  ---------------

OS: Windows 10.0 , 64 bit Build 15063 (10.0.15063.296)

CPU:total 8 (4 cores per cpu, 2 threads per core) family 6 model 94 stepping 3, cmov, cx8, fxsr, mmx, sse, sse2, sse3, ssse3, sse4.1, sse4.2, popcnt, avx, avx2, aes, clmul, erms, rtm, 3dnowpref, lzcnt, ht, tsc, tscinvbit, bmi1, bmi2, adx

Memory: 4k page, physical 16650552k(75672k free), swap 32097108k(0k free)

vm_info: Java HotSpot(TM) 64-Bit Server VM (25.121-b13) for windows-amd64 JRE (1.8.0_121-b13), built on Dec 12 2016 18:21:36 by "java_re" with MS VC++ 10.0 (VS2010)

time: Thu Aug 24 18:01:44 2017
elapsed time: 699 seconds (0d 0h 11m 39s)

